2022-11-03T05:13:27.216Z [32minfo[39m: Log ma'lumotlari
2022-11-03T05:13:27.222Z [31merror[39m: Error ma'lumotlari
2022-11-03T05:13:27.225Z [33mwarn[39m: Warn ma'lumotlari
2022-11-03T05:13:27.226Z [32minfo[39m: Info ma'lumotlari
2022-11-03T05:14:21.484Z [32minfo[39m: Log ma'lumotlari
2022-11-03T05:14:21.490Z [31merror[39m: Error ma'lumotlari
2022-11-03T05:14:21.493Z [33mwarn[39m: Warn ma'lumotlari
2022-11-03T05:14:21.494Z [32minfo[39m: Info ma'lumotlari
2022-11-03T05:14:37.383Z [32minfo[39m: Log ma'lumotlari
2022-11-03T05:14:37.391Z [31merror[39m: Error ma'lumotlari
2022-11-03T05:14:37.395Z [33mwarn[39m: Warn ma'lumotlari
2022-11-03T05:14:37.396Z [32minfo[39m: Info ma'lumotlari
2022-11-03T05:18:56.869Z [32minfo[39m: Log ma'lumotlari
2022-11-03T05:18:56.875Z [31merror[39m: Error ma'lumotlari
2022-11-03T05:18:56.879Z [33mwarn[39m: Warn ma'lumotlari
2022-11-03T05:18:56.881Z [32minfo[39m: Info ma'lumotlari
2022-11-03T05:20:51.555Z [32minfo[39m: Log ma'lumotlari
2022-11-03T05:20:51.561Z [31merror[39m: Error ma'lumotlari
2022-11-03T05:20:51.565Z [33mwarn[39m: Warn ma'lumotlari
2022-11-03T05:20:51.566Z [32minfo[39m: Info ma'lumotlari
2022-11-03T05:45:57.210Z info: Log ma'lumotlari
2022-11-03T05:45:57.216Z error: Error ma'lumotlari
2022-11-03T05:45:57.219Z warn: Warn ma'lumotlari
2022-11-03T05:45:57.220Z info: Info ma'lumotlari
2022-11-03T05:56:47.589Z info: Log ma'lumotlari
2022-11-03T05:56:47.595Z error: Error ma'lumotlari
2022-11-03T05:56:47.597Z warn: Warn ma'lumotlari
2022-11-03T05:56:47.599Z info: Info ma'lumotlari
2022-11-03T06:00:12.858Z info: Log ma'lumotlari
2022-11-03T06:00:12.865Z error: Error ma'lumotlari
2022-11-03T06:00:12.868Z warn: Warn ma'lumotlari
2022-11-03T06:00:12.869Z info: Info ma'lumotlari
2022-11-03T06:00:47.514Z info: Log ma'lumotlari
2022-11-03T06:00:47.520Z error: Error ma'lumotlari
2022-11-03T06:00:47.523Z warn: Warn ma'lumotlari
2022-11-03T06:00:47.524Z info: Info ma'lumotlari
2022-11-03T06:02:01.226Z info: Log ma'lumotlari
2022-11-03T06:02:01.233Z error: Error ma'lumotlari
2022-11-03T06:02:01.236Z warn: Warn ma'lumotlari
2022-11-03T06:02:01.237Z info: Info ma'lumotlari
2022-11-03T06:03:52.494Z info: Log ma'lumotlari
2022-11-03T06:03:52.499Z error: Error ma'lumotlari
2022-11-03T06:03:52.501Z warn: Warn ma'lumotlari
2022-11-03T06:03:52.502Z info: Info ma'lumotlari
2022-11-03T06:08:02.499Z info: Log ma'lumotlari
2022-11-03T06:08:02.505Z error: Error ma'lumotlari
2022-11-03T06:08:02.508Z warn: Warn ma'lumotlari
2022-11-03T06:08:02.509Z info: Info ma'lumotlari
2022-11-03T06:09:54.970Z info: Log ma'lumotlari
2022-11-03T06:09:54.976Z error: Error ma'lumotlari
2022-11-03T06:09:54.979Z warn: Warn ma'lumotlari
2022-11-03T06:09:54.981Z info: Info ma'lumotlari
2022-11-03T06:15:15.603Z info: Log ma'lumotlari
2022-11-03T06:15:15.609Z error: Error ma'lumotlari
2022-11-03T06:15:15.613Z warn: Warn ma'lumotlari
2022-11-03T06:15:15.614Z info: Info ma'lumotlari
2022-11-03T06:15:28.361Z info: Log ma'lumotlari
2022-11-03T06:15:28.369Z error: Error ma'lumotlari
2022-11-03T06:15:28.371Z warn: Warn ma'lumotlari
2022-11-03T06:15:28.376Z info: Info ma'lumotlari
2022-11-03T06:16:19.195Z info: Log ma'lumotlari
2022-11-03T06:16:19.201Z error: Error ma'lumotlari
2022-11-03T06:16:19.204Z warn: Warn ma'lumotlari
2022-11-03T06:16:19.206Z info: Info ma'lumotlari
2022-11-03T06:26:43.579Z info: Log ma'lumotlari
2022-11-03T06:26:43.588Z error: Error ma'lumotlari
2022-11-03T06:26:43.593Z warn: Warn ma'lumotlari
2022-11-03T06:26:43.594Z info: Info ma'lumotlari
2022-11-03T07:05:19.066Z info: Log ma'lumotlari
2022-11-03T07:05:19.072Z error: Error ma'lumotlari
2022-11-03T07:05:19.075Z warn: Warn ma'lumotlari
2022-11-03T07:05:19.076Z info: Info ma'lumotlari
2022-11-04T05:16:36.585Z info: Log ma'lumotlari
2022-11-04T05:16:36.592Z error: Error ma'lumotlari
2022-11-04T05:16:36.594Z warn: Warn ma'lumotlari
2022-11-04T05:16:36.596Z info: Info ma'lumotlari
2022-11-04T05:50:10.915Z info: Log ma'lumotlari
2022-11-04T05:50:10.921Z error: Error ma'lumotlari
2022-11-04T05:50:10.924Z warn: Warn ma'lumotlari
2022-11-04T05:50:10.925Z info: Info ma'lumotlari
2022-11-04T05:51:28.925Z info: Log ma'lumotlari
2022-11-04T05:51:28.931Z error: Error ma'lumotlari
2022-11-04T05:51:28.933Z warn: Warn ma'lumotlari
2022-11-04T05:51:28.934Z info: Info ma'lumotlari
2022-11-04T05:55:00.035Z info: Log ma'lumotlari
2022-11-04T05:55:00.041Z error: Error ma'lumotlari
2022-11-04T05:55:00.044Z warn: Warn ma'lumotlari
2022-11-04T05:55:00.045Z info: Info ma'lumotlari
